mode: atomic
github.com/intel/sriov-network-device-plugin/pkg/webhook/webhook.go:54.102,55.23 1 2
github.com/intel/sriov-network-device-plugin/pkg/webhook/webhook.go:67.2,67.61 1 1
github.com/intel/sriov-network-device-plugin/pkg/webhook/webhook.go:55.23,60.20 2 1
github.com/intel/sriov-network-device-plugin/pkg/webhook/webhook.go:65.3,65.13 1 1
github.com/intel/sriov-network-device-plugin/pkg/webhook/webhook.go:60.20,64.4 1 1
github.com/intel/sriov-network-device-plugin/pkg/webhook/webhook.go:70.84,73.21 2 2
github.com/intel/sriov-network-device-plugin/pkg/webhook/webhook.go:79.2,79.20 1 2
github.com/intel/sriov-network-device-plugin/pkg/webhook/webhook.go:86.2,87.39 2 1
github.com/intel/sriov-network-device-plugin/pkg/webhook/webhook.go:94.2,95.16 2 0
github.com/intel/sriov-network-device-plugin/pkg/webhook/webhook.go:101.2,101.31 1 0
github.com/intel/sriov-network-device-plugin/pkg/webhook/webhook.go:73.21,74.56 1 2
github.com/intel/sriov-network-device-plugin/pkg/webhook/webhook.go:74.56,76.4 1 2
github.com/intel/sriov-network-device-plugin/pkg/webhook/webhook.go:79.20,83.3 3 1
github.com/intel/sriov-network-device-plugin/pkg/webhook/webhook.go:87.39,91.3 3 1
github.com/intel/sriov-network-device-plugin/pkg/webhook/webhook.go:95.16,99.3 3 0
github.com/intel/sriov-network-device-plugin/pkg/webhook/webhook.go:104.80,112.57 6 1
github.com/intel/sriov-network-device-plugin/pkg/webhook/webhook.go:116.2,116.16 1 1
github.com/intel/sriov-network-device-plugin/pkg/webhook/webhook.go:112.57,114.3 1 0
github.com/intel/sriov-network-device-plugin/pkg/webhook/webhook.go:119.117,124.2 3 1
github.com/intel/sriov-network-device-plugin/pkg/webhook/webhook.go:126.70,131.36 3 1
github.com/intel/sriov-network-device-plugin/pkg/webhook/webhook.go:134.2,134.17 1 1
github.com/intel/sriov-network-device-plugin/pkg/webhook/webhook.go:131.36,133.3 1 1
github.com/intel/sriov-network-device-plugin/pkg/webhook/webhook.go:136.112,139.27 2 11
github.com/intel/sriov-network-device-plugin/pkg/webhook/webhook.go:146.2,149.16 2 10
github.com/intel/sriov-network-device-plugin/pkg/webhook/webhook.go:164.2,164.53 1 6
github.com/intel/sriov-network-device-plugin/pkg/webhook/webhook.go:170.2,170.31 1 6
github.com/intel/sriov-network-device-plugin/pkg/webhook/webhook.go:139.27,143.3 3 1
github.com/intel/sriov-network-device-plugin/pkg/webhook/webhook.go:149.16,151.68 2 9
github.com/intel/sriov-network-device-plugin/pkg/webhook/webhook.go:151.68,154.18 3 12
github.com/intel/sriov-network-device-plugin/pkg/webhook/webhook.go:159.4,159.74 1 8
github.com/intel/sriov-network-device-plugin/pkg/webhook/webhook.go:154.18,158.5 3 4
github.com/intel/sriov-network-device-plugin/pkg/webhook/webhook.go:164.53,165.39 1 8
github.com/intel/sriov-network-device-plugin/pkg/webhook/webhook.go:165.39,167.4 1 1
github.com/intel/sriov-network-device-plugin/pkg/webhook/webhook.go:173.114,178.20 4 12
github.com/intel/sriov-network-device-plugin/pkg/webhook/webhook.go:191.2,192.20 2 11
github.com/intel/sriov-network-device-plugin/pkg/webhook/webhook.go:205.2,206.63 2 9
github.com/intel/sriov-network-device-plugin/pkg/webhook/webhook.go:215.2,221.37 2 8
github.com/intel/sriov-network-device-plugin/pkg/webhook/webhook.go:179.9,181.18 2 7
github.com/intel/sriov-network-device-plugin/pkg/webhook/webhook.go:182.9,184.18 2 4
github.com/intel/sriov-network-device-plugin/pkg/webhook/webhook.go:185.10,188.38 3 1
github.com/intel/sriov-network-device-plugin/pkg/webhook/webhook.go:193.9,195.20 2 7
github.com/intel/sriov-network-device-plugin/pkg/webhook/webhook.go:196.9,198.26 2 2
github.com/intel/sriov-network-device-plugin/pkg/webhook/webhook.go:199.10,202.38 3 2
github.com/intel/sriov-network-device-plugin/pkg/webhook/webhook.go:206.63,208.27 2 26
github.com/intel/sriov-network-device-plugin/pkg/webhook/webhook.go:208.27,212.4 3 1
github.com/intel/sriov-network-device-plugin/pkg/webhook/webhook.go:224.105,227.16 3 0
github.com/intel/sriov-network-device-plugin/pkg/webhook/webhook.go:233.2,236.42 3 0
github.com/intel/sriov-network-device-plugin/pkg/webhook/webhook.go:227.16,231.3 3 0
github.com/intel/sriov-network-device-plugin/pkg/webhook/webhook.go:239.94,241.16 2 0
github.com/intel/sriov-network-device-plugin/pkg/webhook/webhook.go:246.2,246.22 1 0
github.com/intel/sriov-network-device-plugin/pkg/webhook/webhook.go:241.16,245.3 3 0
github.com/intel/sriov-network-device-plugin/pkg/webhook/webhook.go:249.72,253.2 3 1
github.com/intel/sriov-network-device-plugin/pkg/webhook/webhook.go:256.62,261.16 3 2
github.com/intel/sriov-network-device-plugin/pkg/webhook/webhook.go:268.2,269.16 2 0
github.com/intel/sriov-network-device-plugin/pkg/webhook/webhook.go:273.2,273.111 1 0
github.com/intel/sriov-network-device-plugin/pkg/webhook/webhook.go:349.2,350.8 2 0
github.com/intel/sriov-network-device-plugin/pkg/webhook/webhook.go:261.16,264.3 2 2
github.com/intel/sriov-network-device-plugin/pkg/webhook/webhook.go:269.16,272.3 2 0
github.com/intel/sriov-network-device-plugin/pkg/webhook/webhook.go:273.111,280.30 3 0
github.com/intel/sriov-network-device-plugin/pkg/webhook/webhook.go:309.3,310.17 2 0
github.com/intel/sriov-network-device-plugin/pkg/webhook/webhook.go:315.3,315.33 1 0
github.com/intel/sriov-network-device-plugin/pkg/webhook/webhook.go:280.30,283.18 2 0
github.com/intel/sriov-network-device-plugin/pkg/webhook/webhook.go:296.4,299.112 2 0
github.com/intel/sriov-network-device-plugin/pkg/webhook/webhook.go:283.18,288.19 4 0
github.com/intel/sriov-network-device-plugin/pkg/webhook/webhook.go:293.5,294.11 2 0
github.com/intel/sriov-network-device-plugin/pkg/webhook/webhook.go:288.19,292.6 3 0
github.com/intel/sriov-network-device-plugin/pkg/webhook/webhook.go:299.112,303.5 2 0
github.com/intel/sriov-network-device-plugin/pkg/webhook/webhook.go:303.10,305.5 1 0
github.com/intel/sriov-network-device-plugin/pkg/webhook/webhook.go:310.17,314.4 3 0
github.com/intel/sriov-network-device-plugin/pkg/webhook/webhook.go:315.33,317.4 1 0
github.com/intel/sriov-network-device-plugin/pkg/webhook/webhook.go:317.9,321.47 3 0
github.com/intel/sriov-network-device-plugin/pkg/webhook/webhook.go:325.4,336.34 4 0
github.com/intel/sriov-network-device-plugin/pkg/webhook/webhook.go:321.47,323.5 1 0
github.com/intel/sriov-network-device-plugin/pkg/webhook/webhook.go:338.8,342.17 3 0
github.com/intel/sriov-network-device-plugin/pkg/webhook/webhook.go:342.17,346.4 3 0
github.com/intel/sriov-network-device-plugin/pkg/webhook/webhook.go:355.29,358.16 2 0
github.com/intel/sriov-network-device-plugin/pkg/webhook/webhook.go:361.2,362.16 2 0
github.com/intel/sriov-network-device-plugin/pkg/webhook/webhook.go:358.16,360.3 1 0
github.com/intel/sriov-network-device-plugin/pkg/webhook/webhook.go:362.16,364.3 1 0
